[2018-05-05 13:54:52] START
[2018-05-07 21:19:17] EDIT Escuela/models/db.py: 41
[2018-05-07 21:19:20] EDIT Escuela/models/db.py: 0
[2018-05-07 21:19:20] EDIT Escuela/models/db.py: 0
[2018-05-07 21:19:21] EDIT Escuela/models/db.py: 0
[2018-05-07 21:19:21] EDIT Escuela/models/db.py: 0
[2018-05-07 21:20:35] EDIT Escuela/models/db.py: 0
[2018-05-07 21:20:36] EDIT Escuela/models/db.py: 0
[2018-05-08 10:37:51] EDIT Escuela/views/default/index.html: -10
[2018-05-08 10:50:45] EDIT Escuela/views/default/index.html: -2
[2018-05-08 10:51:56] EDIT Escuela/views/default/index.html: -15
[2018-05-08 10:54:57] EDIT Escuela/controllers/default.py: 0
[2018-05-08 10:59:39] EDIT Escuela/controllers/default.py: 0
[2018-05-08 11:15:10] EDIT Escuela/views/default/index.html: 0
[2018-05-08 11:15:14] EDIT Escuela/controllers/default.py: 0
[2018-05-08 11:24:12] EDIT Escuela/models/menu.py: -2
[2018-05-08 11:25:17] EDIT Escuela/models/menu.py: 0
[2018-05-08 11:25:25] EDIT Escuela/models/menu.py: 0
[2018-05-08 12:30:05] EDIT Escuela/models/menu.py: 0
[2018-05-08 12:30:20] EDIT Escuela/models/menu.py: 0
[2018-05-08 12:37:56] EDIT Escuela/models/menu.py: 6
[2018-05-08 12:38:10] EDIT Escuela/models/menu.py: 0
[2018-05-08 12:38:55] EDIT Escuela/models/menu.py: 0
[2018-05-08 12:39:57] EDIT Escuela/models/menu.py: 0
[2018-05-08 12:40:45] EDIT Escuela/models/menu.py: -1
[2018-05-08 12:41:26] EDIT Escuela/models/menu.py: -1
[2018-05-08 12:42:13] EDIT Escuela/models/menu.py: 0
[2018-05-08 12:42:14] EDIT Escuela/models/menu.py: 0
[2018-05-08 12:42:26] EDIT Escuela/models/menu.py: 0
[2018-05-08 12:47:01] EDIT Escuela/models/menu.py: 0
[2018-05-08 12:47:43] EDIT Escuela/models/menu.py: 1
[2018-05-08 12:51:11] EDIT Escuela/models/menu.py: 4
[2018-05-08 12:51:24] EDIT Escuela/models/menu.py: 1
[2018-05-08 12:51:24] EDIT Escuela/models/menu.py: 0
[2018-05-08 12:52:34] EDIT Escuela/models/menu.py: -5
[2018-05-08 12:52:48] EDIT Escuela/models/menu.py: 5
[2018-05-08 12:55:51] EDIT Escuela/models/menu.py: 1
[2018-05-08 13:39:55] EDIT Escuela/models/menu.py: 3
[2018-05-08 13:40:52] EDIT Escuela/models/menu.py: 0
[2018-05-08 13:54:52] EDIT Escuela/models/menu.py: 0
[2018-05-08 16:43:05] EDIT Escuela/views/default/index.html: 0
[2018-05-08 16:55:33] EDIT Escuela/views/default/index.html: 0
[2018-05-08 18:29:41] EDIT Escuela/views/default/index.html: 0
[2018-05-12 09:49:06] EDIT Escuela/views/default/index.html: 0
[2018-05-12 09:49:24] EDIT Escuela/views/default/index.html: 0
[2018-05-12 09:49:43] EDIT Escuela/views/default/index.html: 0
[2018-05-12 09:54:42] EDIT Escuela/views/default/index.html: 0
[2018-05-12 09:55:16] EDIT Escuela/views/default/index.html: 0
[2018-05-12 09:55:22] EDIT Escuela/views/default/index.html: 0
[2018-05-12 09:55:50] EDIT Escuela/views/default/index.html: 0
[2018-05-12 09:56:08] EDIT Escuela/views/default/index.html: 0
[2018-05-12 10:01:19] EDIT Escuela/static/css/web2py-bootstrap3.css: 0
[2018-05-12 10:11:33] EDIT Escuela/static/css/web2py-bootstrap3.css: 3
[2018-05-12 10:11:46] EDIT Escuela/views/default/index.html: 0
[2018-05-12 10:28:58] EDIT Escuela/views/default/index.html: 0
[2018-05-12 10:29:23] EDIT Escuela/views/default/index.html: 0
[2018-05-12 10:29:47] EDIT Escuela/views/default/index.html: 0
[2018-05-12 10:34:50] EDIT Escuela/views/default/index.html: 0
[2018-05-12 10:35:07] EDIT Escuela/views/default/index.html: 0
[2018-05-12 11:23:00] EDIT Escuela/views/default/index.html: 0
[2018-05-12 11:23:00] EDIT Escuela/views/default/index.html: 0
[2018-05-12 11:23:00] EDIT Escuela/views/default/index.html: 0
[2018-05-12 11:23:00] EDIT Escuela/views/default/index.html: 0
[2018-05-12 11:38:39] CREATE default/IngresoAlumnos.html: 0
[2018-05-12 11:40:14] EDIT Escuela/models/menu.py: 0
[2018-05-12 11:41:37] EDIT Escuela/models/menu.py: 0
[2018-05-12 11:42:08] DELETE Escuela/views/default/IngresoAlumnos.html: -3
[2018-05-12 11:42:21] CREATE default/ingresoalumno.html: 0
[2018-05-12 11:42:31] EDIT Escuela/models/menu.py: 0
[2018-05-12 11:43:14] EDIT Escuela/views/default/ingresoalumno.html: 3
[2018-05-12 11:43:26] EDIT Escuela/views/default/ingresoalumno.html: -1
[2018-05-12 11:43:47] EDIT Escuela/views/default/ingresoalumno.html: -1
[2018-05-12 11:45:33] DELETE Escuela/views/default/ingresoalumno.html: -4
[2018-05-12 11:45:46] CREATE admin/ingresoalumno.html: 0
[2018-05-12 11:46:07] EDIT Escuela/models/menu.py: 0
[2018-05-12 11:46:55] CREATE admin.py: 0
[2018-05-12 11:49:47] EDIT Escuela/controllers/admin.py: 5
[2018-05-12 11:51:00] EDIT Escuela/controllers/admin.py: 0
[2018-05-12 11:51:16] EDIT Escuela/controllers/admin.py: -3
[2018-05-12 12:01:37] EDIT Escuela/views/admin/ingresoalumno.html: 16
[2018-05-12 12:01:57] EDIT Escuela/views/admin/ingresoalumno.html: 0
[2018-05-12 12:02:15] EDIT Escuela/views/admin/ingresoalumno.html: 0
[2018-05-12 12:02:32] EDIT Escuela/views/admin/ingresoalumno.html: 0
[2018-05-12 12:04:01] EDIT Escuela/views/admin/ingresoalumno.html: 0
[2018-05-12 12:04:08] EDIT Escuela/views/admin/ingresoalumno.html: 0
[2018-05-12 12:05:43] EDIT Escuela/views/admin/ingresoalumno.html: 0
[2018-05-12 12:08:16] EDIT Escuela/views/admin/ingresoalumno.html: 0
[2018-05-12 12:08:28] EDIT Escuela/views/admin/ingresoalumno.html: 0
[2018-05-12 12:09:39] EDIT Escuela/views/admin/ingresoalumno.html: 1
[2018-05-12 12:09:58] EDIT Escuela/views/admin/ingresoalumno.html: -1
[2018-05-12 12:14:36] EDIT Escuela/views/admin/ingresoalumno.html: 0
[2018-05-12 12:15:24] EDIT Escuela/views/admin/ingresoalumno.html: 0
[2018-05-12 12:16:14] EDIT Escuela/views/admin/ingresoalumno.html: 10
[2018-05-12 12:17:19] EDIT Escuela/views/admin/ingresoalumno.html: 10
[2018-05-12 12:18:31] EDIT Escuela/views/admin/ingresoalumno.html: 20
[2018-05-12 12:22:51] EDIT Escuela/views/admin/ingresoalumno.html: 5
[2018-05-12 12:23:00] EDIT Escuela/views/admin/ingresoalumno.html: 0
[2018-05-12 12:23:15] EDIT Escuela/views/admin/ingresoalumno.html: 0
[2018-05-12 12:43:45] EDIT Escuela/views/admin/ingresoalumno.html: 0
[2018-05-12 12:44:13] EDIT Escuela/views/admin/ingresoalumno.html: 0
[2018-05-12 12:44:37] EDIT Escuela/views/admin/ingresoalumno.html: 0
[2018-05-12 12:56:11] EDIT Escuela/views/admin/ingresoalumno.html: 0
[2018-05-12 12:56:59] EDIT Escuela/views/admin/ingresoalumno.html: 0
[2018-05-12 13:02:23] EDIT Escuela/views/admin/ingresoalumno.html: 0
[2018-05-12 13:02:33] EDIT Escuela/views/admin/ingresoalumno.html: 0
[2018-05-12 13:02:45] EDIT Escuela/views/admin/ingresoalumno.html: 0
[2018-05-12 13:08:19] EDIT Escuela/views/admin/ingresoalumno.html: 0
[2018-05-14 18:38:34] CREATE admin/Asignacion.html: 0
[2018-05-14 19:13:23] EDIT Escuela/views/admin/Asignacion.html: 44
[2018-05-14 19:16:59] EDIT Escuela/views/admin/Asignacion.html: 0
[2018-05-14 19:17:37] EDIT Escuela/models/menu.py: 0
[2018-05-14 20:15:21] EDIT Escuela/models/menu.py: 0
[2018-05-14 20:16:17] EDIT Escuela/controllers/admin.py: 2
[2018-05-14 20:29:35] CREATE admin/ingresonotas.html: 0
[2018-05-14 20:33:09] EDIT Escuela/views/admin/ingresonotas.html: 43
[2018-05-14 20:33:44] EDIT Escuela/controllers/admin.py: 2
[2018-05-14 20:34:18] EDIT Escuela/models/menu.py: 0
[2018-05-14 20:34:56] CREATE admin/vernota.html: 0
[2018-05-14 20:35:07] EDIT Escuela/views/admin/vernota.html: -1
[2018-05-14 20:36:01] EDIT Escuela/controllers/admin.py: 3
[2018-05-14 20:37:24] EDIT Escuela/controllers/admin.py: 0
[2018-05-14 20:39:07] EDIT Escuela/views/admin/vernota.html: 22
[2018-05-14 20:39:26] EDIT Escuela/views/admin/vernota.html: 0
[2018-05-14 20:40:47] EDIT Escuela/views/admin/vernota.html: 0
[2018-05-14 20:41:24] EDIT Escuela/views/admin/vernota.html: -5
[2018-05-14 20:41:26] EDIT Escuela/controllers/admin.py: 0
[2018-05-14 20:41:49] EDIT Escuela/models/menu.py: 0
[2018-05-14 20:42:12] EDIT Escuela/models/menu.py: 0
[2018-05-14 20:42:53] EDIT Escuela/controllers/admin.py: 0
[2018-05-14 20:42:53] EDIT Escuela/controllers/admin.py: 0
[2018-05-14 20:44:27] EDIT Escuela/views/admin/vernota.html: 0
[2018-05-14 20:44:28] EDIT Escuela/views/admin/vernota.html: 0
[2018-05-14 20:45:30] EDIT Escuela/controllers/admin.py: 0
[2018-05-14 20:46:08] EDIT Escuela/views/admin/vernota.html: 0
[2018-05-14 20:51:06] CREATE admin/creargrado.html: 0
[2018-05-14 20:52:26] EDIT Escuela/views/admin/creargrado.html: 22
[2018-05-14 20:52:46] EDIT Escuela/models/menu.py: 0
[2018-05-14 20:53:20] EDIT Escuela/controllers/admin.py: 2
[2018-05-18 19:12:34] CREATE admin/crearseccion.html: 0
[2018-05-18 20:02:28] EDIT Escuela/views/admin/crearseccion.html: 22
[2018-05-18 20:03:04] EDIT Escuela/controllers/admin.py: 2
[2018-05-18 20:03:39] EDIT Escuela/models/menu.py: 0
[2018-05-18 20:04:07] CREATE admin/asignarsecgrad.html: 0
[2018-05-18 20:17:36] EDIT Escuela/views/admin/asignarsecgrad.html: 32
[2018-05-18 20:17:46] EDIT Escuela/views/admin/asignarsecgrad.html: -1
[2018-05-18 20:18:13] EDIT Escuela/controllers/admin.py: 2
[2018-05-18 20:18:34] EDIT Escuela/models/menu.py: 0
[2018-05-18 20:24:40] EDIT Escuela/views/admin/asignarsecgrad.html: 2
[2018-05-18 20:34:40] EDIT Escuela/models/menu.py: 0
[2018-05-18 20:34:58] EDIT Escuela/models/menu.py: 0
[2018-05-18 20:35:29] EDIT Escuela/models/menu.py: 0
[2018-05-22 21:21:08] EDIT Escuela/controllers/admin.py: 8
[2018-05-22 21:22:21] EDIT Escuela/views/admin/ingresoalumno.html: 7
[2018-05-22 21:27:15] EDIT Escuela/models/db.py: 0
[2018-05-22 21:30:05] EDIT Escuela/models/db.py: 0
[2018-05-22 21:30:10] EDIT Escuela/models/db.py: 0
[2018-05-22 21:30:29] EDIT Escuela/models/db.py: 0
[2018-05-22 21:30:30] EDIT Escuela/models/db.py: 0
[2018-05-22 21:31:37] EDIT Escuela/models/db.py: 0
[2018-05-22 21:31:38] EDIT Escuela/models/db.py: 0
[2018-05-22 21:31:54] EDIT Escuela/models/db.py: 0
[2018-05-22 21:32:15] EDIT Escuela/models/db.py: 0
[2018-05-22 21:32:16] EDIT Escuela/models/db.py: 0
[2018-05-22 21:35:49] EDIT Escuela/models/db.py: 0
[2018-05-22 21:38:49] EDIT Escuela/models/db.py: 0
[2018-05-22 21:39:26] EDIT Escuela/models/db.py: 0
[2018-05-22 21:40:00] EDIT Escuela/models/db.py: 0
[2018-05-22 21:40:00] EDIT Escuela/models/db.py: 0
[2018-05-22 21:43:42] EDIT Escuela/controllers/admin.py: 0
[2018-05-22 21:46:58] EDIT Escuela/models/db.py: 0
[2018-05-22 21:46:59] EDIT Escuela/models/db.py: 0
[2018-05-23 18:36:03] EDIT Escuela/models/db.py: 0
[2018-05-23 19:05:00] EDIT Escuela/views/admin/Asignacion.html: 22
[2018-05-23 19:05:30] EDIT Escuela/views/admin/Asignacion.html: 0
[2018-05-23 19:06:33] EDIT Escuela/views/admin/Asignacion.html: 0
[2018-05-23 19:06:33] EDIT Escuela/views/admin/Asignacion.html: 0
[2018-05-23 19:08:44] EDIT Escuela/views/admin/Asignacion.html: -4
[2018-05-23 19:08:45] EDIT Escuela/views/admin/Asignacion.html: 0
[2018-05-23 19:09:40] EDIT Escuela/views/admin/Asignacion.html: -4
[2018-05-23 19:10:13] EDIT Escuela/views/admin/Asignacion.html: 0
[2018-05-23 19:10:51] EDIT Escuela/views/admin/Asignacion.html: 0
[2018-05-23 19:11:03] EDIT Escuela/views/admin/Asignacion.html: 0
[2018-05-23 19:17:14] EDIT Escuela/models/db.py: 0
[2018-05-23 19:39:06] EDIT Escuela/views/admin/Asignacion.html: 9
[2018-05-23 19:42:26] EDIT Escuela/views/admin/Asignacion.html: 0
[2018-05-23 19:46:11] EDIT Escuela/views/admin/Asignacion.html: -2
[2018-05-23 19:46:11] EDIT Escuela/views/admin/Asignacion.html: 0
[2018-05-23 19:46:57] EDIT Escuela/views/admin/Asignacion.html: -2
[2018-05-23 19:47:52] EDIT Escuela/views/admin/Asignacion.html: 0
[2018-05-23 19:48:27] EDIT Escuela/controllers/admin.py: 2
[2018-05-23 19:49:02] EDIT Escuela/views/admin/Asignacion.html: 7
[2018-05-23 19:51:17] EDIT Escuela/views/admin/Asignacion.html: 0
[2018-05-23 19:51:25] EDIT Escuela/views/admin/Asignacion.html: 0
[2018-05-23 19:51:58] EDIT Escuela/views/admin/Asignacion.html: 0
[2018-05-23 19:52:14] EDIT Escuela/controllers/admin.py: 0
[2018-05-23 19:52:14] EDIT Escuela/controllers/admin.py: 0
[2018-05-23 19:53:10] EDIT Escuela/views/admin/Asignacion.html: 2
[2018-05-23 19:53:10] EDIT Escuela/views/admin/Asignacion.html: 0
[2018-05-23 19:53:25] EDIT Escuela/controllers/admin.py: 0
[2018-05-23 19:53:37] EDIT Escuela/views/admin/Asignacion.html: 0
[2018-05-23 19:53:39] EDIT Escuela/controllers/admin.py: 0
[2018-05-23 19:54:30] EDIT Escuela/controllers/admin.py: 0
[2018-05-23 19:54:31] EDIT Escuela/controllers/admin.py: 0
[2018-05-23 19:54:50] EDIT Escuela/controllers/admin.py: 0
[2018-05-23 19:55:40] EDIT Escuela/views/admin/Asignacion.html: 0
[2018-05-23 19:55:40] EDIT Escuela/views/admin/Asignacion.html: 0
[2018-05-23 19:55:45] EDIT Escuela/controllers/admin.py: 0
[2018-05-23 19:56:01] EDIT Escuela/controllers/admin.py: 0
[2018-05-23 19:56:01] EDIT Escuela/controllers/admin.py: 0
[2018-05-23 19:56:07] EDIT Escuela/controllers/admin.py: 0
[2018-05-23 19:56:07] EDIT Escuela/controllers/admin.py: 0
[2018-05-23 19:56:34] EDIT Escuela/controllers/admin.py: 0
[2018-05-23 19:56:35] EDIT Escuela/controllers/admin.py: 0
[2018-05-23 19:57:06] EDIT Escuela/controllers/admin.py: 0
[2018-05-23 19:57:06] EDIT Escuela/controllers/admin.py: 0
[2018-05-23 19:57:39] EDIT Escuela/views/admin/Asignacion.html: -7
[2018-05-23 19:58:48] EDIT Escuela/controllers/admin.py: -2
[2018-05-23 19:58:48] EDIT Escuela/controllers/admin.py: 0
[2018-05-23 20:01:02] EDIT Escuela/views/admin/Asignacion.html: 0
[2018-05-23 20:03:41] EDIT Escuela/views/admin/Asignacion.html: 3
[2018-05-23 20:07:03] EDIT Escuela/views/admin/Asignacion.html: 0
[2018-05-23 20:08:53] EDIT Escuela/views/admin/Asignacion.html: -2
[2018-05-23 20:09:18] EDIT Escuela/views/admin/Asignacion.html: 0
[2018-05-23 20:09:22] EDIT Escuela/views/admin/Asignacion.html: 0
[2018-05-23 20:09:42] EDIT Escuela/views/admin/Asignacion.html: 0
[2018-05-23 20:09:42] EDIT Escuela/views/admin/Asignacion.html: 0
[2018-05-23 20:09:42] EDIT Escuela/views/admin/Asignacion.html: 0
[2018-05-23 20:10:23] EDIT Escuela/views/admin/Asignacion.html: -1
[2018-05-23 20:12:17] EDIT Escuela/views/admin/Asignacion.html: 0
[2018-05-23 20:13:19] EDIT Escuela/views/admin/Asignacion.html: 0
[2018-05-23 20:13:46] EDIT Escuela/views/admin/Asignacion.html: 0
[2018-05-23 20:16:32] EDIT Escuela/views/admin/Asignacion.html: 0
[2018-05-23 20:17:24] EDIT Escuela/views/admin/Asignacion.html: 0
[2018-05-23 20:17:33] EDIT Escuela/views/admin/Asignacion.html: 0
[2018-05-23 20:19:22] EDIT Escuela/controllers/admin.py: 4
[2018-05-23 20:20:05] EDIT Escuela/controllers/admin.py: 0
[2018-05-23 20:20:06] EDIT Escuela/controllers/admin.py: 0
[2018-05-23 20:20:06] EDIT Escuela/controllers/admin.py: 0
[2018-05-23 20:20:14] EDIT Escuela/views/admin/creargrado.html: 7
[2018-05-23 20:21:01] EDIT Escuela/views/admin/creargrado.html: 0
[2018-05-23 20:21:10] EDIT Escuela/controllers/admin.py: 0
[2018-05-23 20:22:18] EDIT Escuela/views/admin/creargrado.html: -1
[2018-05-23 20:22:53] EDIT Escuela/controllers/admin.py: 0
[2018-05-23 20:23:54] EDIT Escuela/views/admin/crearseccion.html: 0
[2018-05-23 20:24:06] EDIT Escuela/controllers/admin.py: 4
[2018-05-23 20:24:22] EDIT Escuela/views/admin/crearseccion.html: 7
[2018-05-23 20:24:26] EDIT Escuela/views/admin/crearseccion.html: -1
[2018-05-23 20:24:55] EDIT Escuela/controllers/admin.py: 0
[2018-05-23 20:26:18] EDIT Escuela/views/admin/asignarsecgrad.html: 14
[2018-05-23 20:26:18] EDIT Escuela/views/admin/asignarsecgrad.html: 0
[2018-05-23 20:28:36] EDIT Escuela/controllers/admin.py: 1
[2018-05-23 20:28:40] EDIT Escuela/controllers/admin.py: 0
[2018-05-23 20:30:34] EDIT Escuela/views/admin/asignarsecgrad.html: -47
[2018-05-23 20:30:34] EDIT Escuela/views/admin/asignarsecgrad.html: 0
[2018-05-23 20:32:24] EDIT Escuela/controllers/admin.py: 2
[2018-05-23 20:32:24] EDIT Escuela/controllers/admin.py: 0
[2018-05-23 20:32:42] EDIT Escuela/controllers/admin.py: 0
[2018-05-23 20:35:16] EDIT Escuela/controllers/admin.py: -1
[2018-05-23 20:35:17] EDIT Escuela/controllers/admin.py: 0
[2018-05-23 20:35:30] EDIT Escuela/controllers/admin.py: 0
[2018-05-23 20:35:47] EDIT Escuela/controllers/admin.py: 0
[2018-05-23 20:36:37] EDIT Escuela/controllers/admin.py: 1
[2018-05-23 20:36:37] EDIT Escuela/controllers/admin.py: 0
[2018-05-23 20:36:43] EDIT Escuela/controllers/admin.py: 0
[2018-05-23 20:36:43] EDIT Escuela/controllers/admin.py: 0
[2018-05-23 20:36:53] EDIT Escuela/controllers/admin.py: 0
[2018-05-23 20:36:53] EDIT Escuela/controllers/admin.py: 0
[2018-05-23 20:37:08] EDIT Escuela/controllers/admin.py: 0
[2018-05-23 20:37:08] EDIT Escuela/controllers/admin.py: 0
[2018-05-23 20:38:31] EDIT Escuela/controllers/admin.py: 3
[2018-05-23 20:38:31] EDIT Escuela/controllers/admin.py: 0
[2018-05-23 20:39:25] EDIT Escuela/controllers/admin.py: 0
[2018-05-23 20:53:55] EDIT Escuela/views/admin/asignarsecgrad.html: 30
[2018-05-23 20:56:02] EDIT Escuela/controllers/admin.py: -3
[2018-05-23 20:56:11] EDIT Escuela/views/admin/asignarsecgrad.html: 0
[2018-05-23 20:56:33] EDIT Escuela/controllers/admin.py: 0
[2018-05-23 20:56:33] EDIT Escuela/controllers/admin.py: 0
[2018-05-23 20:58:17] EDIT Escuela/controllers/admin.py: 0
[2018-05-23 21:00:27] EDIT Escuela/controllers/admin.py: -1
[2018-05-23 21:00:27] EDIT Escuela/controllers/admin.py: 0
[2018-05-23 21:00:31] EDIT Escuela/views/admin/asignarsecgrad.html: 0
[2018-05-23 21:00:31] EDIT Escuela/views/admin/asignarsecgrad.html: 0
[2018-05-23 21:01:00] EDIT Escuela/controllers/admin.py: 0
[2018-05-23 21:01:00] EDIT Escuela/controllers/admin.py: 0
[2018-05-23 21:01:13] EDIT Escuela/controllers/admin.py: 0
[2018-05-23 21:01:13] EDIT Escuela/controllers/admin.py: 0
[2018-05-23 21:01:24] EDIT Escuela/controllers/admin.py: 0
[2018-05-23 21:02:02] EDIT Escuela/views/admin/asignarsecgrad.html: 0
[2018-05-23 21:02:03] EDIT Escuela/views/admin/asignarsecgrad.html: 0
[2018-05-23 21:02:03] EDIT Escuela/views/admin/asignarsecgrad.html: 0
[2018-05-23 21:02:03] EDIT Escuela/views/admin/asignarsecgrad.html: 0
[2018-05-23 21:02:14] EDIT Escuela/controllers/admin.py: 0
[2018-05-23 21:02:28] EDIT Escuela/controllers/admin.py: 0
[2018-05-23 21:04:16] EDIT Escuela/controllers/admin.py: 0
[2018-05-23 21:04:16] EDIT Escuela/controllers/admin.py: 0
[2018-05-23 21:04:16] EDIT Escuela/controllers/admin.py: 0
[2018-05-23 21:06:41] EDIT Escuela/controllers/admin.py: 0
[2018-05-23 21:06:41] EDIT Escuela/controllers/admin.py: 0
[2018-05-23 21:06:41] EDIT Escuela/controllers/admin.py: 0
[2018-05-23 21:07:20] EDIT Escuela/controllers/admin.py: 0
[2018-05-23 21:07:43] EDIT Escuela/controllers/admin.py: 0
[2018-05-23 21:07:53] EDIT Escuela/controllers/admin.py: 0
[2018-05-23 21:08:10] EDIT Escuela/controllers/admin.py: 0
[2018-05-23 21:08:13] EDIT Escuela/controllers/admin.py: 0
[2018-05-23 21:08:15] EDIT Escuela/views/admin/asignarsecgrad.html: 0
[2018-05-23 21:08:16] EDIT Escuela/views/admin/asignarsecgrad.html: 0
[2018-05-23 21:09:02] EDIT Escuela/controllers/admin.py: -1
[2018-05-23 21:09:43] EDIT Escuela/controllers/admin.py: 1
[2018-05-23 21:10:12] EDIT Escuela/controllers/admin.py: 0
[2018-05-23 21:10:13] EDIT Escuela/controllers/admin.py: 0
[2018-05-23 21:10:38] EDIT Escuela/controllers/admin.py: 0
[2018-05-23 21:11:16] EDIT Escuela/controllers/admin.py: 0
[2018-05-23 21:11:35] EDIT Escuela/controllers/admin.py: 0
[2018-05-23 21:12:14] EDIT Escuela/controllers/admin.py: 0
[2018-05-23 21:12:14] EDIT Escuela/controllers/admin.py: 0
[2018-05-23 21:12:29] EDIT Escuela/controllers/admin.py: 0
[2018-05-23 21:12:43] EDIT Escuela/controllers/admin.py: 0
[2018-05-23 21:13:10] EDIT Escuela/controllers/admin.py: 0
[2018-05-23 21:13:51] EDIT Escuela/controllers/admin.py: 0
[2018-05-23 21:15:15] EDIT Escuela/controllers/admin.py: 0
[2018-05-23 21:18:38] EDIT Escuela/controllers/admin.py: 0
[2018-05-23 21:18:38] EDIT Escuela/controllers/admin.py: 0
[2018-05-23 21:18:39] EDIT Escuela/controllers/admin.py: 0
[2018-05-23 21:19:57] EDIT Escuela/views/admin/asignarsecgrad.html: 0
[2018-05-23 21:19:57] EDIT Escuela/views/admin/asignarsecgrad.html: 0
[2018-05-23 21:24:25] EDIT Escuela/controllers/admin.py: 0
[2018-05-23 21:24:25] EDIT Escuela/controllers/admin.py: 0
[2018-05-23 21:24:25] EDIT Escuela/controllers/admin.py: 0
[2018-05-23 21:24:25] EDIT Escuela/controllers/admin.py: 0
[2018-05-23 21:24:26] EDIT Escuela/controllers/admin.py: 0
[2018-05-23 21:24:26] EDIT Escuela/controllers/admin.py: 0
[2018-05-23 21:24:26] EDIT Escuela/controllers/admin.py: 0
[2018-05-23 21:28:54] EDIT Escuela/controllers/admin.py: 0
[2018-05-23 21:29:01] EDIT Escuela/controllers/admin.py: 0
[2018-05-23 21:29:26] EDIT Escuela/controllers/admin.py: 0
[2018-05-23 21:29:39] EDIT Escuela/controllers/admin.py: 0
[2018-05-23 21:29:53] EDIT Escuela/controllers/admin.py: 0
[2018-05-23 21:29:53] EDIT Escuela/controllers/admin.py: 0
[2018-05-23 21:30:32] EDIT Escuela/controllers/admin.py: 6
[2018-05-23 21:30:32] EDIT Escuela/controllers/admin.py: 0
[2018-05-23 21:30:32] EDIT Escuela/controllers/admin.py: 0
[2018-05-23 21:30:49] EDIT Escuela/views/admin/asignarsecgrad.html: -31
[2018-05-23 21:31:20] EDIT Escuela/views/admin/asignarsecgrad.html: 1
[2018-05-23 21:31:51] EDIT Escuela/views/admin/asignarsecgrad.html: 2
[2018-05-23 21:31:51] EDIT Escuela/views/admin/asignarsecgrad.html: 0
[2018-05-23 21:32:12] EDIT Escuela/controllers/admin.py: 0
[2018-05-23 21:33:11] EDIT Escuela/controllers/admin.py: 0
[2018-05-23 21:33:11] EDIT Escuela/controllers/admin.py: 0
[2018-05-23 21:33:24] EDIT Escuela/controllers/admin.py: 0
[2018-05-23 21:33:47] EDIT Escuela/controllers/admin.py: 0
[2018-05-23 21:34:05] EDIT Escuela/controllers/admin.py: 0
[2018-05-23 21:34:41] EDIT Escuela/controllers/admin.py: 0
[2018-05-23 21:34:50] EDIT Escuela/controllers/admin.py: 0
[2018-05-23 21:35:12] EDIT Escuela/controllers/admin.py: 0
[2018-05-23 21:43:43] EDIT Escuela/controllers/admin.py: -6
[2018-05-23 21:44:10] EDIT Escuela/views/admin/asignarsecgrad.html: 45
[2018-05-23 21:44:15] EDIT Escuela/views/admin/asignarsecgrad.html: 0
[2018-05-23 21:44:15] EDIT Escuela/views/admin/asignarsecgrad.html: 0
[2018-05-23 21:44:44] EDIT Escuela/controllers/admin.py: 0
[2018-05-23 21:44:44] EDIT Escuela/controllers/admin.py: 0
[2018-05-23 21:45:21] EDIT Escuela/views/admin/asignarsecgrad.html: 0
[2018-05-23 21:45:49] EDIT Escuela/controllers/admin.py: 0
[2018-05-23 21:47:18] EDIT Escuela/views/admin/asignarsecgrad.html: -17
[2018-05-23 21:47:41] EDIT Escuela/controllers/admin.py: 0
[2018-05-23 21:48:13] EDIT Escuela/views/admin/asignarsecgrad.html: 0
[2018-05-23 21:48:26] EDIT Escuela/controllers/admin.py: 0
[2018-05-23 21:49:01] EDIT Escuela/views/admin/asignarsecgrad.html: 0
[2018-05-23 21:50:32] EDIT Escuela/views/admin/asignarsecgrad.html: -2
[2018-05-23 21:51:15] EDIT Escuela/views/admin/asignarsecgrad.html: 2
[2018-05-23 21:51:34] EDIT Escuela/views/admin/asignarsecgrad.html: 0
[2018-05-23 22:15:40] EDIT Escuela/views/admin/asignarsecgrad.html: 0
[2018-05-23 22:15:40] EDIT Escuela/views/admin/asignarsecgrad.html: 0
[2018-05-23 22:16:08] EDIT Escuela/controllers/admin.py: 0
[2018-05-23 22:16:09] EDIT Escuela/controllers/admin.py: 0
[2018-05-23 22:16:12] EDIT Escuela/views/admin/asignarsecgrad.html: 0
[2018-05-23 22:16:12] EDIT Escuela/views/admin/asignarsecgrad.html: 0
[2018-05-23 22:20:32] EDIT Escuela/views/admin/asignarsecgrad.html: 17
[2018-05-23 22:20:59] EDIT Escuela/views/admin/asignarsecgrad.html: 0
[2018-05-23 22:22:39] EDIT Escuela/controllers/admin.py: 3
[2018-05-23 22:24:15] EDIT Escuela/controllers/admin.py: 0
[2018-05-23 22:26:06] EDIT Escuela/controllers/admin.py: 0
[2018-05-23 22:26:14] EDIT Escuela/views/admin/asignarsecgrad.html: -1
[2018-05-23 22:26:41] EDIT Escuela/views/admin/asignarsecgrad.html: 7
[2018-05-23 22:26:41] EDIT Escuela/views/admin/asignarsecgrad.html: 0
[2018-05-23 22:37:49] EDIT Escuela/views/admin/ingresonotas.html: 7
[2018-05-23 22:38:23] EDIT Escuela/views/admin/ingresonotas.html: 0
[2018-05-23 22:39:09] EDIT Escuela/models/menu.py: 1
[2018-05-23 22:39:25] CREATE admin/crearcurso.html: 0
[2018-05-23 22:40:07] EDIT Escuela/controllers/admin.py: 2
[2018-05-24 19:31:36] EDIT Escuela/views/admin/Asignacion.html: 0
[2018-05-24 19:31:37] EDIT Escuela/views/admin/Asignacion.html: 0
[2018-05-24 19:31:37] EDIT Escuela/views/admin/Asignacion.html: 0
[2018-05-24 19:41:21] EDIT Escuela/views/admin/Asignacion.html: -17
[2018-05-24 19:41:21] EDIT Escuela/views/admin/Asignacion.html: 0
[2018-05-24 19:43:14] EDIT Escuela/controllers/admin.py: 1
[2018-05-24 19:43:14] EDIT Escuela/controllers/admin.py: 0
[2018-05-24 19:43:24] EDIT Escuela/views/admin/Asignacion.html: -1
[2018-05-24 19:43:24] EDIT Escuela/views/admin/Asignacion.html: 0
[2018-05-24 19:44:48] EDIT Escuela/views/admin/Asignacion.html: -17
[2018-05-24 19:44:48] EDIT Escuela/views/admin/Asignacion.html: 0
[2018-05-24 19:55:12] EDIT Escuela/controllers/admin.py: 0
[2018-05-24 19:55:13] EDIT Escuela/controllers/admin.py: 0
[2018-05-24 19:56:06] EDIT Escuela/views/admin/Asignacion.html: 16
[2018-05-24 19:57:31] EDIT Escuela/views/admin/Asignacion.html: 0
[2018-05-24 19:57:59] EDIT Escuela/views/admin/Asignacion.html: -9
[2018-05-24 19:58:00] EDIT Escuela/views/admin/Asignacion.html: 0
[2018-05-24 19:59:10] EDIT Escuela/views/admin/Asignacion.html: 9
[2018-05-24 19:59:11] EDIT Escuela/views/admin/Asignacion.html: 0
[2018-05-24 20:00:18] EDIT Escuela/controllers/admin.py: 1
[2018-05-24 20:01:21] EDIT Escuela/views/admin/Asignacion.html: 16
[2018-05-24 20:01:45] EDIT Escuela/views/admin/Asignacion.html: 0
[2018-05-24 20:01:45] EDIT Escuela/views/admin/Asignacion.html: 0
[2018-05-24 20:01:58] EDIT Escuela/controllers/admin.py: 0
[2018-05-24 20:01:58] EDIT Escuela/controllers/admin.py: 0
[2018-05-24 20:01:58] EDIT Escuela/controllers/admin.py: 0
[2018-05-24 20:05:27] EDIT Escuela/views/admin/Asignacion.html: 0
[2018-05-24 20:06:22] EDIT Escuela/controllers/admin.py: 1
[2018-05-24 20:06:53] EDIT Escuela/views/admin/Asignacion.html: 0
[2018-05-24 20:06:58] EDIT Escuela/views/admin/Asignacion.html: 0
[2018-05-24 20:06:58] EDIT Escuela/views/admin/Asignacion.html: 0
[2018-05-24 20:07:14] EDIT Escuela/views/admin/Asignacion.html: 0
[2018-05-24 20:09:40] EDIT Escuela/controllers/admin.py: 0
[2018-05-24 20:10:07] EDIT Escuela/views/admin/Asignacion.html: -1
[2018-05-24 20:10:57] EDIT Escuela/controllers/admin.py: 1
[2018-05-24 20:11:06] EDIT Escuela/views/admin/Asignacion.html: 0
[2018-05-24 20:11:16] EDIT Escuela/views/admin/Asignacion.html: 0
[2018-05-24 20:11:26] EDIT Escuela/views/admin/Asignacion.html: 0
[2018-05-24 20:11:51] EDIT Escuela/controllers/admin.py: 1
[2018-05-24 20:22:43] EDIT Escuela/controllers/admin.py: 4
[2018-05-24 20:24:27] EDIT Escuela/views/admin/Asignacion.html: 7
[2018-05-24 20:24:33] EDIT Escuela/views/admin/Asignacion.html: 0
[2018-05-24 20:25:08] EDIT Escuela/controllers/admin.py: 2
[2018-05-24 20:27:03] EDIT Escuela/controllers/admin.py: 1
[2018-05-24 20:27:29] EDIT Escuela/controllers/admin.py: 0
[2018-05-24 20:29:27] EDIT Escuela/views/admin/Asignacion.html: 0
[2018-05-24 20:30:11] EDIT Escuela/controllers/admin.py: 1
[2018-05-24 20:30:55] EDIT Escuela/controllers/admin.py: 0
[2018-05-24 20:30:55] EDIT Escuela/controllers/admin.py: 0
[2018-05-24 20:31:18] EDIT Escuela/views/admin/Asignacion.html: 0
[2018-05-24 20:31:18] EDIT Escuela/views/admin/Asignacion.html: 0
[2018-05-24 20:34:36] EDIT Escuela/views/admin/crearcurso.html: 53
[2018-05-24 20:35:17] EDIT Escuela/views/admin/crearcurso.html: -7
[2018-05-24 20:37:38] EDIT Escuela/controllers/admin.py: 1
[2018-05-24 20:37:52] EDIT Escuela/views/admin/crearcurso.html: -1
[2018-05-24 20:38:41] EDIT Escuela/views/admin/crearcurso.html: 0
[2018-05-24 20:38:41] EDIT Escuela/views/admin/crearcurso.html: 0
[2018-05-24 20:39:13] EDIT Escuela/controllers/admin.py: 1
[2018-05-24 20:39:13] EDIT Escuela/controllers/admin.py: 0
[2018-05-24 20:41:47] EDIT Escuela/models/menu.py: 3
[2018-05-24 20:42:09] EDIT Escuela/models/menu.py: 0
[2018-05-24 20:42:09] EDIT Escuela/models/menu.py: 0
[2018-05-24 20:42:25] CREATE admin/crearempleado.html: 0
[2018-05-24 20:42:59] EDIT Escuela/controllers/admin.py: 2
[2018-05-24 20:44:28] EDIT Escuela/views/admin/crearempleado.html: 0
[2018-05-24 20:44:30] EDIT Escuela/controllers/admin.py: 0
[2018-05-24 20:47:39] EDIT Escuela/views/admin/crearempleado.html: 28
[2018-05-24 20:47:51] EDIT Escuela/views/admin/crearempleado.html: 0
[2018-05-24 20:49:34] EDIT Escuela/views/admin/crearempleado.html: 11
[2018-05-24 20:50:26] EDIT Escuela/views/admin/crearempleado.html: 10
[2018-05-24 20:50:27] EDIT Escuela/views/admin/crearempleado.html: 0
[2018-05-24 20:50:39] EDIT Escuela/models/db.py: -1
[2018-05-24 20:51:55] EDIT Escuela/views/admin/crearempleado.html: 12
[2018-05-24 20:52:15] EDIT Escuela/views/admin/crearempleado.html: 0
[2018-05-24 20:52:15] EDIT Escuela/views/admin/crearempleado.html: 0
[2018-05-24 20:52:30] EDIT Escuela/controllers/admin.py: 1
[2018-05-24 20:52:55] EDIT Escuela/controllers/admin.py: 0
[2018-05-24 20:52:55] EDIT Escuela/controllers/admin.py: 0
[2018-05-24 20:53:28] EDIT Escuela/views/admin/crearempleado.html: 5
[2018-05-24 20:53:28] EDIT Escuela/views/admin/crearempleado.html: 0
[2018-05-24 20:59:51] EDIT Escuela/controllers/admin.py: 4
[2018-05-24 21:01:05] EDIT Escuela/controllers/admin.py: 2
[2018-05-24 21:01:09] EDIT Escuela/controllers/admin.py: 0
[2018-05-24 21:01:09] EDIT Escuela/controllers/admin.py: 0
[2018-05-24 21:03:02] EDIT Escuela/views/admin/crearcurso.html: 0
[2018-05-24 21:03:19] EDIT Escuela/controllers/admin.py: 2
[2018-05-24 21:04:50] EDIT Escuela/controllers/admin.py: 2
[2018-05-24 21:09:33] EDIT Escuela/views/admin/ingresonotas.html: 7
[2018-05-24 21:09:42] EDIT Escuela/views/admin/ingresonotas.html: 0
[2018-05-24 21:09:55] EDIT Escuela/controllers/admin.py: 2
[2018-05-24 21:10:46] EDIT Escuela/views/admin/ingresonotas.html: 0
[2018-05-24 21:11:37] EDIT Escuela/controllers/admin.py: 4
[2018-05-24 21:12:40] EDIT Escuela/controllers/admin.py: 0
[2018-05-24 21:13:23] EDIT Escuela/views/admin/ingresonotas.html: 7
[2018-05-24 21:14:13] EDIT Escuela/models/db.py: 1
[2018-05-24 21:15:25] EDIT Escuela/controllers/admin.py: 0
[2018-05-24 21:15:26] EDIT Escuela/controllers/admin.py: 0
[2018-05-24 21:15:26] EDIT Escuela/controllers/admin.py: 0
[2018-05-24 21:15:28] EDIT Escuela/views/admin/ingresonotas.html: 0
[2018-05-24 21:15:31] EDIT Escuela/views/admin/crearcurso.html: 0
[2018-05-24 21:16:26] EDIT Escuela/controllers/admin.py: 0
[2018-05-24 21:16:26] EDIT Escuela/controllers/admin.py: 0
[2018-05-24 21:19:44] EDIT Escuela/controllers/admin.py: 2
[2018-05-24 21:19:45] EDIT Escuela/controllers/admin.py: 0
[2018-05-24 21:19:52] EDIT Escuela/controllers/admin.py: 0
[2018-05-24 21:21:43] EDIT Escuela/controllers/admin.py: 0
[2018-05-24 21:21:52] EDIT Escuela/controllers/admin.py: -2
[2018-05-24 21:23:31] EDIT Escuela/controllers/admin.py: 0
[2018-05-24 21:23:31] EDIT Escuela/controllers/admin.py: 0
[2018-05-24 21:23:31] EDIT Escuela/controllers/admin.py: 0
[2018-05-24 21:23:32] EDIT Escuela/views/admin/ingresonotas.html: 0
[2018-05-24 21:23:32] EDIT Escuela/views/admin/ingresonotas.html: 0
[2018-05-24 21:23:33] EDIT Escuela/views/admin/ingresonotas.html: 0
[2018-05-24 21:24:14] EDIT Escuela/views/admin/ingresonotas.html: 0
[2018-05-24 21:24:15] EDIT Escuela/views/admin/ingresonotas.html: 0
[2018-05-24 21:24:51] EDIT Escuela/controllers/admin.py: 2
[2018-05-24 21:25:25] EDIT Escuela/controllers/admin.py: 0
[2018-05-24 21:27:59] EDIT Escuela/views/admin/vernota.html: 0
[2018-05-24 21:29:21] EDIT Escuela/controllers/admin.py: 0
[2018-05-24 21:29:42] EDIT Escuela/views/admin/vernota.html: 0
[2018-05-24 21:33:14] EDIT Escuela/controllers/admin.py: 0
[2018-05-24 21:33:15] EDIT Escuela/controllers/admin.py: 0
[2018-05-24 21:33:46] EDIT Escuela/controllers/admin.py: 0
[2018-05-24 21:34:15] EDIT Escuela/controllers/admin.py: 0
[2018-05-24 21:35:07] EDIT Escuela/views/admin/vernota.html: 0
[2018-05-24 21:37:07] EDIT Escuela/controllers/admin.py: 0
[2018-05-24 21:38:02] EDIT Escuela/controllers/admin.py: 0
[2018-05-24 21:38:02] EDIT Escuela/controllers/admin.py: 0
[2018-05-24 21:38:20] EDIT Escuela/controllers/admin.py: 0
[2018-05-24 21:45:22] EDIT Escuela/controllers/admin.py: 0
[2018-05-24 21:45:31] EDIT Escuela/controllers/admin.py: 0
[2018-05-24 21:46:59] EDIT Escuela/controllers/admin.py: 0
[2018-05-24 21:47:09] EDIT Escuela/controllers/admin.py: 0
[2018-05-24 21:47:16] EDIT Escuela/controllers/admin.py: 0
[2018-05-24 21:48:25] EDIT Escuela/controllers/admin.py: 0
[2018-05-24 21:49:27] EDIT Escuela/views/admin/vernota.html: 1
[2018-05-24 21:52:46] EDIT Escuela/controllers/admin.py: 4
[2018-05-24 21:53:52] EDIT Escuela/controllers/admin.py: 0
[2018-05-24 21:56:05] EDIT Escuela/controllers/admin.py: 0
[2018-05-24 21:57:14] EDIT Escuela/controllers/admin.py: 1
[2018-05-24 21:57:30] EDIT Escuela/controllers/admin.py: 0
[2018-05-24 21:57:30] EDIT Escuela/controllers/admin.py: 0
[2018-05-24 21:57:30] EDIT Escuela/controllers/admin.py: 0
[2018-05-24 21:59:50] EDIT Escuela/controllers/admin.py: 0
[2018-05-24 22:00:07] EDIT Escuela/controllers/admin.py: 0
[2018-05-24 22:01:37] EDIT Escuela/controllers/admin.py: 0
[2018-05-24 22:06:03] EDIT Escuela/controllers/admin.py: 5
[2018-05-24 22:06:03] EDIT Escuela/controllers/admin.py: 0
[2018-05-24 22:06:48] EDIT Escuela/controllers/admin.py: 0
[2018-05-24 22:09:20] EDIT Escuela/controllers/admin.py: 0
[2018-05-24 22:09:54] EDIT Escuela/controllers/admin.py: 0
[2018-05-24 22:11:05] CREATE admin/alumnoasignado.html: 0
[2018-05-24 22:11:44] EDIT Escuela/models/menu.py: 1
[2018-05-24 22:14:37] EDIT Escuela/controllers/admin.py: 3
[2018-05-24 22:14:48] EDIT Escuela/controllers/admin.py: 0
[2018-05-24 22:15:02] EDIT Escuela/controllers/admin.py: 0
[2018-05-24 22:15:33] EDIT Escuela/controllers/admin.py: 1
[2018-05-24 22:15:54] EDIT Escuela/controllers/admin.py: 0
[2018-05-24 22:16:29] EDIT Escuela/controllers/admin.py: 3
[2018-05-24 22:17:13] EDIT Escuela/controllers/admin.py: -5
[2018-05-24 22:17:38] EDIT Escuela/controllers/admin.py: 5
[2018-05-24 22:17:47] EDIT Escuela/controllers/admin.py: 0
[2018-05-24 22:19:35] EDIT Escuela/views/admin/alumnoasignado.html: 17
[2018-05-24 22:21:15] EDIT Escuela/views/admin/alumnoasignado.html: 12
[2018-05-24 22:22:26] EDIT Escuela/views/admin/vernota.html: 12
[2018-05-24 22:23:19] EDIT Escuela/views/admin/vernota.html: 0
[2018-05-24 22:24:07] EDIT Escuela/views/admin/ingresonotas.html: -1
[2018-05-25 10:12:13] CREATE admin/crearhorario.html: 0
[2018-05-25 10:13:42] EDIT Escuela/controllers/admin.py: 2
[2018-05-25 10:13:52] EDIT Escuela/controllers/admin.py: 0
[2018-05-25 10:25:31] CREATE admin/cursoxgrado.html: 0
[2018-05-25 10:27:38] EDIT Escuela/views/admin/asignarsecgrad.html: 0
[2018-05-25 10:28:35] EDIT Escuela/views/admin/cursoxgrado.html: 53
[2018-05-25 10:32:02] EDIT Escuela/controllers/admin.py: 3
[2018-05-25 10:32:09] EDIT Escuela/controllers/admin.py: 0
[2018-05-25 10:32:10] EDIT Escuela/controllers/admin.py: 0
[2018-05-25 10:32:25] EDIT Escuela/views/admin/cursoxgrado.html: 1
[2018-05-25 10:32:25] EDIT Escuela/views/admin/cursoxgrado.html: 0
[2018-05-25 10:33:43] EDIT Escuela/models/menu.py: 1
[2018-05-25 10:34:16] EDIT Escuela/controllers/admin.py: 1
[2018-05-25 10:34:16] EDIT Escuela/controllers/admin.py: 0
[2018-05-25 10:34:37] EDIT Escuela/controllers/admin.py: 0
[2018-05-25 10:36:57] EDIT Escuela/controllers/admin.py: 0
[2018-05-25 10:37:55] EDIT Escuela/views/admin/cursoxgrado.html: 0
[2018-05-25 10:38:43] EDIT Escuela/views/admin/cursoxgrado.html: 0
[2018-05-25 10:40:06] EDIT Escuela/views/admin/cursoxgrado.html: 0
[2018-05-25 10:40:26] EDIT Escuela/controllers/admin.py: 5
[2018-05-25 10:58:48] EDIT Escuela/controllers/admin.py: 6
[2018-05-25 10:58:50] EDIT Escuela/views/admin/cursoxgrado.html: 0
[2018-05-25 11:00:53] EDIT Escuela/controllers/admin.py: 0
[2018-05-25 11:00:54] EDIT Escuela/controllers/admin.py: 0
[2018-05-25 11:00:54] EDIT Escuela/controllers/admin.py: 0
[2018-05-25 11:00:54] EDIT Escuela/controllers/admin.py: 0
[2018-05-25 11:00:55] EDIT Escuela/views/admin/cursoxgrado.html: 0
[2018-05-25 11:00:55] EDIT Escuela/views/admin/cursoxgrado.html: 0
[2018-05-25 11:02:57] EDIT Escuela/controllers/admin.py: 0
[2018-05-25 11:02:57] EDIT Escuela/controllers/admin.py: 0
[2018-05-25 11:04:36] EDIT Escuela/controllers/admin.py: 0
[2018-05-25 11:04:36] EDIT Escuela/controllers/admin.py: 0
[2018-05-25 11:04:36] EDIT Escuela/controllers/admin.py: 0
[2018-05-25 11:04:51] EDIT Escuela/controllers/admin.py: -1
[2018-05-25 11:04:51] EDIT Escuela/controllers/admin.py: 0
[2018-05-25 11:04:51] EDIT Escuela/controllers/admin.py: 0
[2018-05-25 11:06:25] EDIT Escuela/views/admin/cursoxgrado.html: 0
[2018-05-25 11:12:52] EDIT Escuela/controllers/admin.py: -2
[2018-05-25 11:13:24] EDIT Escuela/controllers/admin.py: -1
[2018-05-25 11:13:24] EDIT Escuela/controllers/admin.py: 0
[2018-05-25 11:13:55] EDIT Escuela/controllers/admin.py: 0
[2018-05-25 11:14:01] EDIT Escuela/views/admin/cursoxgrado.html: 0
[2018-05-25 11:14:01] EDIT Escuela/views/admin/cursoxgrado.html: 0
[2018-05-25 11:16:07] EDIT Escuela/controllers/admin.py: 0
[2018-05-25 11:17:36] EDIT Escuela/controllers/admin.py: -1
[2018-05-25 11:18:23] EDIT Escuela/controllers/admin.py: 2
[2018-05-25 11:19:34] EDIT Escuela/controllers/admin.py: 2
[2018-05-25 11:19:44] EDIT Escuela/views/admin/cursoxgrado.html: 0
[2018-05-25 11:21:44] EDIT Escuela/controllers/admin.py: 1
[2018-05-25 11:21:45] EDIT Escuela/views/admin/cursoxgrado.html: 0
[2018-05-25 11:23:59] EDIT Escuela/controllers/admin.py: 0
[2018-05-25 11:25:44] EDIT Escuela/controllers/admin.py: 0
[2018-05-25 11:25:56] EDIT Escuela/controllers/admin.py: 0
[2018-05-25 11:27:45] EDIT Escuela/controllers/admin.py: 0
[2018-05-25 11:28:01] EDIT Escuela/controllers/admin.py: 0
[2018-05-25 11:28:32] EDIT Escuela/controllers/admin.py: 0
[2018-05-25 11:28:34] EDIT Escuela/controllers/admin.py: 0
[2018-05-25 11:29:06] EDIT Escuela/controllers/admin.py: 0
[2018-05-25 11:36:28] EDIT Escuela/controllers/admin.py: 2
[2018-05-25 11:37:12] EDIT Escuela/controllers/admin.py: 0
[2018-05-25 11:37:27] EDIT Escuela/controllers/admin.py: 0
[2018-05-25 11:38:17] EDIT Escuela/controllers/admin.py: 0
[2018-05-25 11:38:17] EDIT Escuela/controllers/admin.py: 0
[2018-05-25 11:39:17] EDIT Escuela/controllers/admin.py: 0
[2018-05-25 11:39:24] EDIT Escuela/controllers/admin.py: 0
[2018-05-25 11:40:41] EDIT Escuela/controllers/admin.py: 0
[2018-05-25 11:41:03] EDIT Escuela/controllers/admin.py: 0
[2018-05-25 11:41:03] EDIT Escuela/controllers/admin.py: 0
[2018-05-25 11:41:48] EDIT Escuela/controllers/admin.py: 0
[2018-05-25 11:42:28] EDIT Escuela/views/admin/cursoxgrado.html: 0
[2018-05-25 11:42:29] EDIT Escuela/views/admin/cursoxgrado.html: 0
[2018-05-25 11:42:37] EDIT Escuela/views/admin/cursoxgrado.html: 0
[2018-05-25 11:42:45] EDIT Escuela/views/admin/cursoxgrado.html: 0
[2018-05-25 11:42:52] EDIT Escuela/views/admin/cursoxgrado.html: 0
[2018-05-25 11:46:51] CREATE admin/ingresoinv.html: 0
[2018-05-25 11:47:10] CREATE admin/salidainv.html: 0
[2018-05-25 11:47:49] EDIT Escuela/models/menu.py: 1
[2018-05-25 11:48:57] EDIT Escuela/controllers/admin.py: 2
[2018-05-25 11:49:52] EDIT Escuela/controllers/admin.py: 1
[2018-05-25 11:51:48] EDIT Escuela/views/admin/ingresoinv.html: 39
[2018-05-25 11:52:18] EDIT Escuela/controllers/admin.py: 2
[2018-05-25 11:52:18] EDIT Escuela/controllers/admin.py: 0
[2018-05-25 11:55:33] EDIT Escuela/controllers/admin.py: 2
[2018-05-25 11:55:33] EDIT Escuela/controllers/admin.py: 0
[2018-05-25 11:55:34] EDIT Escuela/controllers/admin.py: 0
[2018-05-25 11:55:34] EDIT Escuela/views/admin/ingresoinv.html: 0
[2018-05-25 11:55:35] EDIT Escuela/views/admin/ingresoinv.html: 0
[2018-05-25 12:04:29] EDIT Escuela/views/admin/salidainv.html: 46
[2018-05-25 12:05:38] EDIT Escuela/views/admin/salidainv.html: 0
[2018-05-25 12:05:58] EDIT Escuela/controllers/admin.py: 3
[2018-05-25 12:41:58] EDIT Escuela/controllers/admin.py: 3
[2018-05-25 12:42:23] EDIT Escuela/controllers/admin.py: 0
[2018-05-25 12:42:23] EDIT Escuela/controllers/admin.py: 0
[2018-05-25 12:42:39] EDIT Escuela/controllers/admin.py: 0
[2018-05-25 12:48:42] EDIT Escuela/controllers/admin.py: 8
[2018-05-25 12:48:43] EDIT Escuela/controllers/admin.py: 0
[2018-05-25 12:48:43] EDIT Escuela/controllers/admin.py: 0
[2018-05-25 12:49:47] EDIT Escuela/controllers/admin.py: 0
[2018-05-25 12:50:32] EDIT Escuela/views/admin/salidainv.html: 0
[2018-05-25 12:50:49] EDIT Escuela/views/admin/salidainv.html: 0
[2018-05-25 12:50:49] EDIT Escuela/views/admin/salidainv.html: 0
[2018-05-25 12:52:01] EDIT Escuela/controllers/admin.py: 0
[2018-05-25 12:52:01] EDIT Escuela/controllers/admin.py: 0
[2018-05-25 12:52:47] EDIT Escuela/controllers/admin.py: 0
[2018-05-25 12:52:47] EDIT Escuela/controllers/admin.py: 0
[2018-05-25 12:54:32] EDIT Escuela/controllers/admin.py: 0
[2018-05-25 13:00:06] EDIT Escuela/controllers/admin.py: 2
[2018-05-25 13:01:16] EDIT Escuela/controllers/admin.py: 0
[2018-05-25 13:01:16] EDIT Escuela/controllers/admin.py: 0
[2018-05-25 13:01:38] EDIT Escuela/controllers/admin.py: 0
[2018-05-25 13:01:38] EDIT Escuela/controllers/admin.py: 0
[2018-05-25 13:02:09] EDIT Escuela/controllers/admin.py: 0
[2018-05-25 13:02:23] EDIT Escuela/controllers/admin.py: 0
[2018-05-25 13:02:39] EDIT Escuela/controllers/admin.py: 0
[2018-05-25 13:02:39] EDIT Escuela/controllers/admin.py: 0
[2018-05-25 13:03:29] EDIT Escuela/controllers/admin.py: 1
[2018-05-25 13:06:06] CREATE admin/ingresoproducto.html: 0
[2018-05-25 13:06:18] EDIT Escuela/views/admin/ingresoproducto.html: 39
[2018-05-25 13:06:25] EDIT Escuela/views/admin/ingresoproducto.html: 0
[2018-05-25 13:06:45] DELETE Escuela/views/admin/ingresoproducto.html: -42
[2018-05-25 13:06:57] CREATE admin/crearproducto.html: 0
[2018-05-25 13:07:13] EDIT Escuela/views/admin/crearproducto.html: 39
[2018-05-25 13:07:27] EDIT Escuela/controllers/admin.py: 0
[2018-05-25 13:07:55] EDIT Escuela/controllers/admin.py: 3
[2018-05-25 13:08:37] EDIT Escuela/models/menu.py: 1
[2018-05-25 13:08:53] EDIT Escuela/controllers/admin.py: 0
[2018-05-25 13:09:13] EDIT Escuela/controllers/admin.py: -1
[2018-05-25 13:09:36] EDIT Escuela/views/admin/crearproducto.html: 0
[2018-05-25 13:09:46] EDIT Escuela/views/admin/crearproducto.html: -10
[2018-05-25 13:10:32] EDIT Escuela/views/admin/ingresoinv.html: 7
[2018-05-25 13:11:10] EDIT Escuela/controllers/admin.py: 4
[2018-05-25 13:11:30] EDIT Escuela/controllers/admin.py: 1
[2018-05-25 13:11:46] EDIT Escuela/controllers/admin.py: 0
[2018-05-25 13:13:28] EDIT Escuela/controllers/admin.py: 3
[2018-05-25 13:14:01] EDIT Escuela/controllers/admin.py: 1
[2018-05-25 13:14:12] EDIT Escuela/views/admin/ingresoinv.html: 0
[2018-05-25 13:14:13] EDIT Escuela/views/admin/ingresoinv.html: 0
[2018-05-25 13:14:14] EDIT Escuela/views/admin/salidainv.html: 0
[2018-05-25 13:14:15] EDIT Escuela/views/admin/salidainv.html: 0
[2018-05-25 13:15:12] EDIT Escuela/controllers/admin.py: 0
[2018-05-25 13:15:12] EDIT Escuela/controllers/admin.py: 0
[2018-05-25 13:16:25] EDIT Escuela/controllers/admin.py: 0
[2018-05-25 13:17:34] EDIT Escuela/controllers/admin.py: 0
[2018-05-25 13:17:45] EDIT Escuela/views/admin/ingresoinv.html: -7
[2018-05-25 13:17:51] EDIT Escuela/views/admin/ingresoinv.html: 0
[2018-05-25 13:18:09] EDIT Escuela/views/admin/ingresoinv.html: 1
[2018-05-25 13:18:09] EDIT Escuela/views/admin/ingresoinv.html: 0
[2018-05-25 13:18:31] EDIT Escuela/controllers/admin.py: 1
[2018-05-25 13:18:31] EDIT Escuela/controllers/admin.py: 0
[2018-05-25 13:18:51] EDIT Escuela/controllers/admin.py: 0
[2018-05-25 13:18:51] EDIT Escuela/controllers/admin.py: 0
[2018-05-25 13:19:22] EDIT Escuela/controllers/admin.py: 0
[2018-05-25 13:19:23] EDIT Escuela/controllers/admin.py: 0
[2018-05-25 13:19:23] EDIT Escuela/controllers/admin.py: 0
[2018-05-25 13:20:14] EDIT Escuela/controllers/admin.py: 0
[2018-05-25 13:20:14] EDIT Escuela/controllers/admin.py: 0
[2018-05-25 13:20:29] EDIT Escuela/controllers/admin.py: 0
[2018-05-25 13:20:37] EDIT Escuela/controllers/admin.py: 0
[2018-05-25 13:20:51] EDIT Escuela/views/admin/ingresoinv.html: 6
[2018-05-25 13:20:53] EDIT Escuela/controllers/admin.py: 0
[2018-05-25 13:21:01] EDIT Escuela/views/admin/ingresoinv.html: 0
[2018-05-25 13:50:32] EDIT Escuela/controllers/admin.py: 0
[2018-05-25 13:50:54] EDIT Escuela/views/admin/ingresonotas.html: 1
[2018-05-25 13:50:56] EDIT Escuela/controllers/admin.py: 0
[2018-05-25 13:51:18] EDIT Escuela/controllers/admin.py: 1
[2018-05-25 13:51:42] EDIT Escuela/controllers/admin.py: 0
[2018-05-25 13:51:42] EDIT Escuela/controllers/admin.py: 0
[2018-05-25 13:51:42] EDIT Escuela/controllers/admin.py: 0
[2018-05-25 13:52:38] EDIT Escuela/controllers/admin.py: -1
[2018-05-25 13:52:39] EDIT Escuela/controllers/admin.py: 0
[2018-05-25 13:52:39] EDIT Escuela/controllers/admin.py: 0
[2018-05-25 13:52:52] EDIT Escuela/views/admin/ingresonotas.html: -1
[2018-05-25 13:53:33] EDIT Escuela/controllers/admin.py: 0
[2018-05-25 13:53:33] EDIT Escuela/controllers/admin.py: 0
[2018-05-25 13:54:00] EDIT Escuela/controllers/admin.py: 0
[2018-05-25 13:54:02] EDIT Escuela/views/admin/ingresoinv.html: 0
[2018-05-25 13:54:04] EDIT Escuela/views/admin/cursoxgrado.html: 0
[2018-05-25 13:54:06] EDIT Escuela/views/admin/ingresonotas.html: 0
[2018-05-25 15:44:24] EDIT Escuela/controllers/admin.py: 1
[2018-05-25 15:44:34] EDIT Escuela/controllers/admin.py: -1
[2018-05-25 15:44:35] EDIT Escuela/controllers/admin.py: 0
[2018-05-25 15:44:35] EDIT Escuela/controllers/admin.py: 0
[2018-05-25 15:44:36] EDIT Escuela/controllers/admin.py: 0
[2018-05-25 15:45:00] EDIT Escuela/controllers/admin.py: 1
[2018-05-25 15:46:03] EDIT Escuela/controllers/admin.py: 0
[2018-05-25 15:47:00] EDIT Escuela/controllers/admin.py: 1
[2018-05-25 15:47:47] EDIT Escuela/controllers/admin.py: -1
[2018-05-25 15:53:37] EDIT Escuela/controllers/admin.py: 1
[2018-05-25 15:55:09] EDIT Escuela/controllers/admin.py: 12
[2018-05-25 15:55:39] EDIT Escuela/controllers/admin.py: 0
[2018-05-25 15:55:41] EDIT Escuela/controllers/admin.py: 0
[2018-05-25 15:55:41] EDIT Escuela/controllers/admin.py: 0
[2018-05-25 15:55:41] EDIT Escuela/controllers/admin.py: 0
[2018-05-25 15:55:46] EDIT Escuela/controllers/admin.py: -1
[2018-05-25 15:56:23] EDIT Escuela/controllers/admin.py: 1
[2018-05-25 15:56:31] EDIT Escuela/controllers/admin.py: -1
[2018-05-25 15:56:50] EDIT Escuela/controllers/admin.py: 0
[2018-05-25 15:57:27] EDIT Escuela/controllers/admin.py: 0
[2018-05-25 15:57:36] EDIT Escuela/controllers/admin.py: 1
[2018-05-25 15:57:41] EDIT Escuela/controllers/admin.py: 0
[2018-05-25 15:57:42] EDIT Escuela/controllers/admin.py: 0
[2018-05-25 16:02:21] EDIT Escuela/views/admin/salidainv.html: 0
[2018-05-25 16:03:31] EDIT Escuela/views/admin/vernota.html: 0
[2018-05-25 16:03:32] EDIT Escuela/views/admin/vernota.html: 0
[2018-05-25 16:03:45] EDIT Escuela/views/admin/vernota.html: 0
[2018-05-25 16:03:58] EDIT Escuela/views/admin/vernota.html: 0
[2018-05-25 16:04:20] EDIT Escuela/views/admin/vernota.html: 0
[2018-05-25 16:04:35] EDIT Escuela/views/admin/vernota.html: 0
[2018-05-25 16:05:55] EDIT Escuela/views/admin/vernota.html: 16
[2018-05-25 16:06:25] EDIT Escuela/views/admin/vernota.html: 7
[2018-05-25 16:07:33] EDIT Escuela/views/admin/vernota.html: 0
[2018-05-25 16:07:44] EDIT Escuela/controllers/admin.py: 3
[2018-05-25 16:08:29] EDIT Escuela/controllers/admin.py: 1
[2018-05-25 16:09:34] EDIT Escuela/controllers/admin.py: 0
[2018-05-25 16:10:26] EDIT Escuela/views/admin/vernota.html: 0
[2018-05-25 16:10:28] EDIT Escuela/views/admin/vernota.html: 0
[2018-05-25 16:11:14] EDIT Escuela/controllers/admin.py: 0
[2018-05-25 16:11:28] EDIT Escuela/controllers/admin.py: 0
[2018-05-25 16:11:59] EDIT Escuela/views/admin/vernota.html: 2
[2018-05-25 16:11:59] EDIT Escuela/views/admin/vernota.html: 0
[2018-05-25 16:12:58] EDIT Escuela/views/admin/vernota.html: 0
[2018-05-25 16:12:58] EDIT Escuela/views/admin/vernota.html: 0
